Time (ms) Starting program: 1489358919776 (0.0, 0.0)
*Warning* Key INPUT_A_JFREIB not matched
*Warning* Key INPUT_A_JHINZU not matched
*Warning* Key INPUT_A_PVZ not matched
*Warning* Key INPUT_A_AF not matched
*Warning* Key INPUT_A_KVZ not matched
*Warning* Key INPUT_A_PVS not matched
*WARNING* Using standard-input for key INPUT_A_RE4
Use Server input: 100000000000000000000000000000000100000000000000000000000000000000000000000000000000000000000000000000000000000000000000000000000000000000000000000000000000000000000000000000000000000000000000000000000000000000000000000000000000000000000000000000000000000000000000000000000000000000000000000000000000000000000000000000000000000000000000000000000000000000 = 18347988930056559128807477244811717232542072027948953512257363485042424616530098190340788974903967579373568, with a total input length of 416 bits.
Elapsed time (ms) on Reading Server Inputs from File: 29 (0.0, 0.0)
waiting for client to connect
client has connected
Number of Gates: 1352
1
Process line: InWire:#1 0:1177:0
Process line: InWire:#2 0:1177:1
Process line: InWire:#3 0:1014:1
Process line: InWire:#4 0:1006:1
Process line: InWire:#5 0:1004:1
Process line: InWire:#6 0:994:1
Process line: InWire:#7 0:991:1
Process line: InWire:#8 0:981:1 0:1091:1
Process line: InWire:#9
Process line: InWire:#10
Process line: InWire:#11
Process line: InWire:#12
Process line: InWire:#13
Process line: InWire:#14
Process line: InWire:#15
Process line: InWire:#16
Process line: InWire:#17
Process line: InWire:#18
Process line: InWire:#19
Process line: InWire:#20
Process line: InWire:#21
Process line: InWire:#22
Process line: InWire:#23
Process line: InWire:#24
Process line: InWire:#25
Process line: InWire:#26
Process line: InWire:#27
Process line: InWire:#28
Process line: InWire:#29
Process line: InWire:#30
Process line: InWire:#31
Process line: InWire:#32
Process line: InWire:#33 0:317:0
Process line: InWire:#34 0:317:1
Process line: InWire:#35 0:551:0
Process line: InWire:#36 0:1020:0
Process line: InWire:#37 0:1113:0
Process line: InWire:#38 0:1171:0
Process line: InWire:#39 0:1210:0
Process line: InWire:#40 0:1226:0
Process line: InWire:#41
Process line: InWire:#42
Process line: InWire:#43
Process line: InWire:#44
Process line: InWire:#45
Process line: InWire:#46
Process line: InWire:#47
Process line: InWire:#48
Process line: InWire:#49
Process line: InWire:#50
Process line: InWire:#51
Process line: InWire:#52
Process line: InWire:#53
Process line: InWire:#54
Process line: InWire:#55
Process line: InWire:#56
Process line: InWire:#57
Process line: InWire:#58
Process line: InWire:#59
Process line: InWire:#60
Process line: InWire:#61
Process line: InWire:#62
Process line: InWire:#63
Process line: InWire:#64
Process line: InWire:#65
Process line: InWire:#66
Process line: InWire:#67
Process line: InWire:#68
Process line: InWire:#69
Process line: InWire:#70
Process line: InWire:#71
Process line: InWire:#72
Process line: InWire:#73
Process line: InWire:#74
Process line: InWire:#75
Process line: InWire:#76
Process line: InWire:#77
Process line: InWire:#78
Process line: InWire:#79
Process line: InWire:#80
Process line: InWire:#81
Process line: InWire:#82
Process line: InWire:#83
Process line: InWire:#84
Process line: InWire:#85
Process line: InWire:#86
Process line: InWire:#87
Process line: InWire:#88
Process line: InWire:#89
Process line: InWire:#90
Process line: InWire:#91
Process line: InWire:#92
Process line: InWire:#93
Process line: InWire:#94
Process line: InWire:#95
Process line: InWire:#96
Process line: InWire:#97 0:58:0 0:1093:1
Process line: InWire:#98 0:59:0
Process line: InWire:#99 0:60:0
Process line: InWire:#100 0:61:0
Process line: InWire:#101 0:62:0
Process line: InWire:#102 0:63:0
Process line: InWire:#103 0:64:0
Process line: InWire:#104 0:65:0
Process line: InWire:#105
Process line: InWire:#106
Process line: InWire:#107
Process line: InWire:#108
Process line: InWire:#109
Process line: InWire:#110
Process line: InWire:#111
Process line: InWire:#112
Process line: InWire:#113
Process line: InWire:#114
Process line: InWire:#115
Process line: InWire:#116
Process line: InWire:#117
Process line: InWire:#118
Process line: InWire:#119
Process line: InWire:#120
Process line: InWire:#121
Process line: InWire:#122
Process line: InWire:#123
Process line: InWire:#124
Process line: InWire:#125
Process line: InWire:#126
Process line: InWire:#127
Process line: InWire:#128
Process line: InWire:#129 0:1021:0
Process line: InWire:#130 0:1021:1 0:1179:0
Process line: InWire:#131 0:1118:0 0:1179:1
Process line: InWire:#132 0:1107:1 0:1176:0
Process line: InWire:#133 0:1102:1 0:1211:0
Process line: InWire:#134 0:1096:1 0:1227:0
Process line: InWire:#135 0:1088:1 0:1240:0
Process line: InWire:#136 0:965:0 0:1083:1 0:1250:0 0:1348:0
Process line: InWire:#137
Process line: InWire:#138
Process line: InWire:#139
Process line: InWire:#140
Process line: InWire:#141
Process line: InWire:#142
Process line: InWire:#143
Process line: InWire:#144
Process line: InWire:#145
Process line: InWire:#146
Process line: InWire:#147
Process line: InWire:#148
Process line: InWire:#149
Process line: InWire:#150
Process line: InWire:#151
Process line: InWire:#152
Process line: InWire:#153
Process line: InWire:#154
Process line: InWire:#155
Process line: InWire:#156
Process line: InWire:#157
Process line: InWire:#158
Process line: InWire:#159
Process line: InWire:#160
Process line: InWire:#161 0:554:0 0:46:0 0:47:0 0:101:0 0:884:0 0:1002:1 0:1024:0
Process line: InWire:#162 0:30:0 0:554:1 0:1024:1
Process line: InWire:#163 0:32:0 0:1116:0 0:1121:0
Process line: InWire:#164 0:34:0 0:1175:0
Process line: InWire:#165
Process line: InWire:#166
Process line: InWire:#167
Process line: InWire:#168 0:230:0 0:31:0 0:33:0 0:35:0 0:55:0
Process line: InWire:#169
Process line: InWire:#170
Process line: InWire:#171
Process line: InWire:#172
Process line: InWire:#173
Process line: InWire:#174
Process line: InWire:#175
Process line: InWire:#176
Process line: InWire:#177
Process line: InWire:#178
Process line: InWire:#179
Process line: InWire:#180
Process line: InWire:#181
Process line: InWire:#182
Process line: InWire:#183
Process line: InWire:#184
Process line: InWire:#185
Process line: InWire:#186
Process line: InWire:#187
Process line: InWire:#188
Process line: InWire:#189
Process line: InWire:#190
Process line: InWire:#191
Process line: InWire:#192
Process line: InWire:#193 0:555:0 0:48:0 0:49:0 0:98:1 0:1025:0 0:1027:1
Process line: InWire:#194 0:36:0 0:555:1 0:1025:1
Process line: InWire:#195 0:38:0 0:1117:0 0:1122:0
Process line: InWire:#196 0:40:0 0:1172:0
Process line: InWire:#197
Process line: InWire:#198
Process line: InWire:#199
Process line: InWire:#200 0:231:0 0:37:0 0:39:0 0:41:0 0:57:0
Process line: InWire:#201
Process line: InWire:#202
Process line: InWire:#203
Process line: InWire:#204
Process line: InWire:#205
Process line: InWire:#206
Process line: InWire:#207
Process line: InWire:#208
Process line: InWire:#209
Process line: InWire:#210
Process line: InWire:#211
Process line: InWire:#212
Process line: InWire:#213
Process line: InWire:#214
Process line: InWire:#215
Process line: InWire:#216
Process line: InWire:#217
Process line: InWire:#218
Process line: InWire:#219
Process line: InWire:#220
Process line: InWire:#221
Process line: InWire:#222
Process line: InWire:#223
Process line: InWire:#224
Process line: InWire:#225
Process line: InWire:#226
Process line: InWire:#227
Process line: InWire:#228
Process line: InWire:#229
Process line: InWire:#230
Process line: InWire:#231
Process line: InWire:#232
Process line: InWire:#233
Process line: InWire:#234
Process line: InWire:#235
Process line: InWire:#236
Process line: InWire:#237
Process line: InWire:#238
Process line: InWire:#239
Process line: InWire:#240
Process line: InWire:#241
Process line: InWire:#242
Process line: InWire:#243
Process line: InWire:#244
Process line: InWire:#245
Process line: InWire:#246
Process line: InWire:#247
Process line: InWire:#248
Process line: InWire:#249
Process line: InWire:#250
Process line: InWire:#251
Process line: InWire:#252
Process line: InWire:#253
Process line: InWire:#254
Process line: InWire:#255
Process line: InWire:#256
Process line: InWire:#257 0:312:1 0:548:0 0:556:0
Process line: InWire:#258 0:556:1
Process line: InWire:#259 0:1108:1
Process line: InWire:#260 0:1162:1
Process line: InWire:#261 0:1154:1
Process line: InWire:#262 0:1149:1
Process line: InWire:#263 0:1145:1
Process line: InWire:#264 0:959:0 0:1143:1
Process line: InWire:#265
Process line: InWire:#266
Process line: InWire:#267
Process line: InWire:#268
Process line: InWire:#269
Process line: InWire:#270
Process line: InWire:#271
Process line: InWire:#272
Process line: InWire:#273
Process line: InWire:#274
Process line: InWire:#275
Process line: InWire:#276
Process line: InWire:#277
Process line: InWire:#278
Process line: InWire:#279
Process line: InWire:#280
Process line: InWire:#281
Process line: InWire:#282
Process line: InWire:#283
Process line: InWire:#284
Process line: InWire:#285
Process line: InWire:#286
Process line: InWire:#287
Process line: InWire:#288
Process line: InWire:#289 0:313:1 0:549:0 0:557:0
Process line: InWire:#290 0:557:1
Process line: InWire:#291 0:1110:1
Process line: InWire:#292 0:1164:1
Process line: InWire:#293 0:1156:1
Process line: InWire:#294 0:1151:1
Process line: InWire:#295 0:1147:1
Process line: InWire:#296 0:960:1 0:1141:1
Process line: InWire:#297
Process line: InWire:#298
Process line: InWire:#299
Process line: InWire:#300
Process line: InWire:#301
Process line: InWire:#302
Process line: InWire:#303
Process line: InWire:#304
Process line: InWire:#305
Process line: InWire:#306
Process line: InWire:#307
Process line: InWire:#308
Process line: InWire:#309
Process line: InWire:#310
Process line: InWire:#311
Process line: InWire:#312
Process line: InWire:#313
Process line: InWire:#314
Process line: InWire:#315
Process line: InWire:#316
Process line: InWire:#317
Process line: InWire:#318
Process line: InWire:#319
Process line: InWire:#320
Process line: InWire:#321 0:553:0 0:42:0 0:43:0 0:72:0 0:98:0 0:110:0 0:1022:0 0:1026:1 0:1027:0
Process line: InWire:#322 0:18:0 0:553:1 0:1022:1
Process line: InWire:#323 0:20:0 0:1115:0 0:1119:0
Process line: InWire:#324 0:22:0 0:1174:0
Process line: InWire:#325
Process line: InWire:#326
Process line: InWire:#327
Process line: InWire:#328 0:228:0 0:19:0 0:21:0 0:23:0 0:51:0
Process line: InWire:#329
Process line: InWire:#330
Process line: InWire:#331
Process line: InWire:#332
Process line: InWire:#333
Process line: InWire:#334
Process line: InWire:#335
Process line: InWire:#336
Process line: InWire:#337
Process line: InWire:#338
Process line: InWire:#339
Process line: InWire:#340
Process line: InWire:#341
Process line: InWire:#342
Process line: InWire:#343
Process line: InWire:#344
Process line: InWire:#345
Process line: InWire:#346
Process line: InWire:#347
Process line: InWire:#348
Process line: InWire:#349
Process line: InWire:#350
Process line: InWire:#351
Process line: InWire:#352
Process line: InWire:#353 0:1180:0
Process line: InWire:#354 0:1180:1
Process line: InWire:#355 0:1012:1
Process line: InWire:#356 0:1005:1
Process line: InWire:#357 0:1000:1
Process line: InWire:#358 0:995:1
Process line: InWire:#359 0:989:1
Process line: InWire:#360 0:979:1 0:1092:1
Process line: InWire:#361
Process line: InWire:#362
Process line: InWire:#363
Process line: InWire:#364
Process line: InWire:#365
Process line: InWire:#366
Process line: InWire:#367
Process line: InWire:#368
Process line: InWire:#369
Process line: InWire:#370
Process line: InWire:#371
Process line: InWire:#372
Process line: InWire:#373
Process line: InWire:#374
Process line: InWire:#375
Process line: InWire:#376
Process line: InWire:#377
Process line: InWire:#378
Process line: InWire:#379
Process line: InWire:#380
Process line: InWire:#381
Process line: InWire:#382
Process line: InWire:#383
Process line: InWire:#384
Process line: InWire:#385
Process line: InWire:#386
Process line: InWire:#387
Process line: InWire:#388
Process line: InWire:#389
Process line: InWire:#390
Process line: InWire:#391
Process line: InWire:#392
Process line: InWire:#393
Process line: InWire:#394
Process line: InWire:#395
Process line: InWire:#396
Process line: InWire:#397
Process line: InWire:#398
Process line: InWire:#399
Process line: InWire:#400
Process line: InWire:#401
Process line: InWire:#402
Process line: InWire:#403
Process line: InWire:#404
Process line: InWire:#405
Process line: InWire:#406
Process line: InWire:#407
Process line: InWire:#408
Process line: InWire:#409
Process line: InWire:#410
Process line: InWire:#411
Process line: InWire:#412
Process line: InWire:#413
Process line: InWire:#414
Process line: InWire:#415
Process line: InWire:#416
Process line: InWire:#417 0:316:0
Process line: InWire:#418 0:316:1
Process line: InWire:#419 0:550:0
Process line: InWire:#420 0:1019:0
Process line: InWire:#421 0:1112:0
Process line: InWire:#422 0:1170:0
Process line: InWire:#423 0:1209:0
Process line: InWire:#424 0:1225:0
Process line: InWire:#425
Process line: InWire:#426
Process line: InWire:#427
Process line: InWire:#428
Process line: InWire:#429
Process line: InWire:#430
Process line: InWire:#431
Process line: InWire:#432
Process line: InWire:#433
Process line: InWire:#434
Process line: InWire:#435
Process line: InWire:#436
Process line: InWire:#437
Process line: InWire:#438
Process line: InWire:#439
Process line: InWire:#440
Process line: InWire:#441
Process line: InWire:#442
Process line: InWire:#443
Process line: InWire:#444
Process line: InWire:#445
Process line: InWire:#446
Process line: InWire:#447
Process line: InWire:#448
Process line: InWire:#449
Process line: InWire:#450
Process line: InWire:#451
Process line: InWire:#452
Process line: InWire:#453
Process line: InWire:#454
Process line: InWire:#455
Process line: InWire:#456
Process line: InWire:#457
Process line: InWire:#458
Process line: InWire:#459
Process line: InWire:#460
Process line: InWire:#461
Process line: InWire:#462
Process line: InWire:#463
Process line: InWire:#464
Process line: InWire:#465
Process line: InWire:#466
Process line: InWire:#467
Process line: InWire:#468
Process line: InWire:#469
Process line: InWire:#470
Process line: InWire:#471
Process line: InWire:#472
Process line: InWire:#473
Process line: InWire:#474
Process line: InWire:#475
Process line: InWire:#476
Process line: InWire:#477
Process line: InWire:#478
Process line: InWire:#479
Process line: InWire:#480
Process line: InWire:#481
Process line: InWire:#482
Process line: InWire:#483
Process line: InWire:#484
Process line: InWire:#485
Process line: InWire:#486
Process line: InWire:#487
Process line: InWire:#488
Process line: InWire:#489
Process line: InWire:#490
Process line: InWire:#491
Process line: InWire:#492
Process line: InWire:#493
Process line: InWire:#494
Process line: InWire:#495
Process line: InWire:#496
Process line: InWire:#497
Process line: InWire:#498
Process line: InWire:#499
Process line: InWire:#500
Process line: InWire:#501
Process line: InWire:#502
Process line: InWire:#503
Process line: InWire:#504
Process line: InWire:#505
Process line: InWire:#506
Process line: InWire:#507
Process line: InWire:#508
Process line: InWire:#509
Process line: InWire:#510
Process line: InWire:#511
Process line: InWire:#512
Process line: InWire:#513
Process line: InWire:#514
Process line: InWire:#515
Process line: InWire:#516
Process line: InWire:#517
Process line: InWire:#518
Process line: InWire:#519
Process line: InWire:#520
Process line: InWire:#521
Process line: InWire:#522
Process line: InWire:#523
Process line: InWire:#524
Process line: InWire:#525
Process line: InWire:#526
Process line: InWire:#527
Process line: InWire:#528
Process line: InWire:#529
Process line: InWire:#530
Process line: InWire:#531
Process line: InWire:#532
Process line: InWire:#533
Process line: InWire:#534
Process line: InWire:#535
Process line: InWire:#536
Process line: InWire:#537
Process line: InWire:#538
Process line: InWire:#539
Process line: InWire:#540
Process line: InWire:#541
Process line: InWire:#542
Process line: InWire:#543
Process line: InWire:#544
Process line: InWire:#545 0:2:0
Process line: InWire:#546 0:232:0
Process line: InWire:#547 0:233:0
Process line: InWire:#548 0:234:0
Process line: InWire:#549 0:235:0
Process line: InWire:#550 0:236:0
Process line: InWire:#551 0:237:0
Process line: InWire:#552 0:238:0
Process line: InWire:#553
Process line: InWire:#554
Process line: InWire:#555
Process line: InWire:#556
Process line: InWire:#557
Process line: InWire:#558
Process line: InWire:#559
Process line: InWire:#560
Process line: InWire:#561
Process line: InWire:#562
Process line: InWire:#563
Process line: InWire:#564
Process line: InWire:#565
Process line: InWire:#566
Process line: InWire:#567
Process line: InWire:#568
Process line: InWire:#569
Process line: InWire:#570
Process line: InWire:#571
Process line: InWire:#572
Process line: InWire:#573
Process line: InWire:#574
Process line: InWire:#575
Process line: InWire:#576
Process line: InWire:#577 0:9:0
Process line: InWire:#578 0:239:0
Process line: InWire:#579 0:240:0
Process line: InWire:#580 0:241:0
Process line: InWire:#581 0:242:0
Process line: InWire:#582 0:243:0
Process line: InWire:#583 0:244:0
Process line: InWire:#584 0:245:0
Process line: InWire:#585
Process line: InWire:#586
Process line: InWire:#587
Process line: InWire:#588
Process line: InWire:#589
Process line: InWire:#590
Process line: InWire:#591
Process line: InWire:#592
Process line: InWire:#593
Process line: InWire:#594
Process line: InWire:#595
Process line: InWire:#596
Process line: InWire:#597
Process line: InWire:#598
Process line: InWire:#599
Process line: InWire:#600
Process line: InWire:#601
Process line: InWire:#602
Process line: InWire:#603
Process line: InWire:#604
Process line: InWire:#605
Process line: InWire:#606
Process line: InWire:#607
Process line: InWire:#608
Process line: InWire:#609
Process line: InWire:#610
Process line: InWire:#611
Process line: InWire:#612
Process line: InWire:#613
Process line: InWire:#614
Process line: InWire:#615
Process line: InWire:#616
Process line: InWire:#617
Process line: InWire:#618
Process line: InWire:#619
Process line: InWire:#620
Process line: InWire:#621
Process line: InWire:#622
Process line: InWire:#623
Process line: InWire:#624
Process line: InWire:#625
Process line: InWire:#626
Process line: InWire:#627
Process line: InWire:#628
Process line: InWire:#629
Process line: InWire:#630
Process line: InWire:#631
Process line: InWire:#632
Process line: InWire:#633
Process line: InWire:#634
Process line: InWire:#635
Process line: InWire:#636
Process line: InWire:#637
Process line: InWire:#638
Process line: InWire:#639
Process line: InWire:#640
Process line: InWire:#641
Process line: InWire:#642
Process line: InWire:#643
Process line: InWire:#644
Process line: InWire:#645
Process line: InWire:#646
Process line: InWire:#647
Process line: InWire:#648
Process line: InWire:#649
Process line: InWire:#650
Process line: InWire:#651
Process line: InWire:#652
Process line: InWire:#653
Process line: InWire:#654
Process line: InWire:#655
Process line: InWire:#656
Process line: InWire:#657
Process line: InWire:#658
Process line: InWire:#659
Process line: InWire:#660
Process line: InWire:#661
Process line: InWire:#662
Process line: InWire:#663
Process line: InWire:#664
Process line: InWire:#665
Process line: InWire:#666
Process line: InWire:#667
Process line: InWire:#668
Process line: InWire:#669
Process line: InWire:#670
Process line: InWire:#671
Process line: InWire:#672
Process line: InWire:#673
Process line: InWire:#674
Process line: InWire:#675
Process line: InWire:#676
Process line: InWire:#677
Process line: InWire:#678
Process line: InWire:#679
Process line: InWire:#680
Process line: InWire:#681
Process line: InWire:#682
Process line: InWire:#683
Process line: InWire:#684
Process line: InWire:#685
Process line: InWire:#686
Process line: InWire:#687
Process line: InWire:#688
Process line: InWire:#689
Process line: InWire:#690
Process line: InWire:#691
Process line: InWire:#692
Process line: InWire:#693
Process line: InWire:#694
Process line: InWire:#695
Process line: InWire:#696
Process line: InWire:#697
Process line: InWire:#698
Process line: InWire:#699
Process line: InWire:#700
Process line: InWire:#701
Process line: InWire:#702
Process line: InWire:#703
Process line: InWire:#704
Process line: InWire:#705 0:552:0 0:44:0 0:45:0 0:67:0 0:72:1 0:908:0 0:1001:1 0:1023:0 0:1026:0
Process line: InWire:#706 0:24:0 0:552:1 0:1023:1
Process line: InWire:#707 0:26:0 0:1114:0 0:1120:0
Process line: InWire:#708 0:28:0 0:1173:0
Process line: InWire:#709
Process line: InWire:#710
Process line: InWire:#711
Process line: InWire:#712 0:229:0 0:25:0 0:27:0 0:29:0 0:53:0
Process line: InWire:#713
Process line: InWire:#714
Process line: InWire:#715
Process line: InWire:#716
Process line: InWire:#717
Process line: InWire:#718
Process line: InWire:#719
Process line: InWire:#720
Process line: InWire:#721
Process line: InWire:#722
Process line: InWire:#723
Process line: InWire:#724
Process line: InWire:#725
Process line: InWire:#726
Process line: InWire:#727
Process line: InWire:#728
Process line: InWire:#729
Process line: InWire:#730
Process line: InWire:#731
Process line: InWire:#732
Process line: InWire:#733
Process line: InWire:#734
Process line: InWire:#735
Process line: InWire:#736
Process line: InWire:#737
Process line: InWire:#738
Process line: InWire:#739
Process line: InWire:#740
Process line: InWire:#741
Process line: InWire:#742
Process line: InWire:#743
Process line: InWire:#744
Process line: InWire:#745
Process line: InWire:#746
Process line: InWire:#747
Process line: InWire:#748
Process line: InWire:#749
Process line: InWire:#750
Process line: InWire:#751
Process line: InWire:#752
Process line: InWire:#753
Process line: InWire:#754
Process line: InWire:#755
Process line: InWire:#756
Process line: InWire:#757
Process line: InWire:#758
Process line: InWire:#759
Process line: InWire:#760
Process line: InWire:#761
Process line: InWire:#762
Process line: InWire:#763
Process line: InWire:#764
Process line: InWire:#765
Process line: InWire:#766
Process line: InWire:#767
Process line: InWire:#768
Process line: InWire:#769
Process line: InWire:#770
Process line: InWire:#771
Process line: InWire:#772
Process line: InWire:#773
Process line: InWire:#774
Process line: InWire:#775
Process line: InWire:#776
Process line: InWire:#777
Process line: InWire:#778
Process line: InWire:#779
Process line: InWire:#780
Process line: InWire:#781
Process line: InWire:#782
Process line: InWire:#783
Process line: InWire:#784
Process line: InWire:#785
Process line: InWire:#786
Process line: InWire:#787
Process line: InWire:#788
Process line: InWire:#789
Process line: InWire:#790
Process line: InWire:#791
Process line: InWire:#792
Process line: InWire:#793
Process line: InWire:#794
Process line: InWire:#795
Process line: InWire:#796
Process line: InWire:#797
Process line: InWire:#798
Process line: InWire:#799
Process line: InWire:#800
Process line: InWire:#801
Process line: InWire:#802
Process line: InWire:#803
Process line: InWire:#804
Process line: InWire:#805
Process line: InWire:#806
Process line: InWire:#807
Process line: InWire:#808
Process line: InWire:#809
Process line: InWire:#810
Process line: InWire:#811
Process line: InWire:#812
Process line: InWire:#813
Process line: InWire:#814
Process line: InWire:#815
Process line: InWire:#816
Process line: InWire:#817
Process line: InWire:#818
Process line: InWire:#819
Process line: InWire:#820
Process line: InWire:#821
Process line: InWire:#822
Process line: InWire:#823
Process line: InWire:#824
Process line: InWire:#825
Process line: InWire:#826
Process line: InWire:#827
Process line: InWire:#828
Process line: InWire:#829
Process line: InWire:#830
Process line: InWire:#831
Process line: InWire:#832
Process line: InWire:#833 0:1178:0
Process line: InWire:#834 0:1178:1
Process line: InWire:#835 0:1013:1
Process line: InWire:#836 0:1007:1
Process line: InWire:#837 0:1003:1
Process line: InWire:#838 0:996:1
Process line: InWire:#839 0:990:1
Process line: InWire:#840 0:978:0 0:1090:1
Process line: InWire:#841
Process line: InWire:#842
Process line: InWire:#843
Process line: InWire:#844
Process line: InWire:#845
Process line: InWire:#846
Process line: InWire:#847
Process line: InWire:#848
Process line: InWire:#849
Process line: InWire:#850
Process line: InWire:#851
Process line: InWire:#852
Process line: InWire:#853
Process line: InWire:#854
Process line: InWire:#855
Process line: InWire:#856
Process line: InWire:#857
Process line: InWire:#858
Process line: InWire:#859
Process line: InWire:#860
Process line: InWire:#861
Process line: InWire:#862
Process line: InWire:#863
Process line: InWire:#864
Process line: InWire:#865
Process line: InWire:#866
Process line: InWire:#867
Process line: InWire:#868
Process line: InWire:#869
Process line: InWire:#870
Process line: InWire:#871
Process line: InWire:#872
Process line: InWire:#873
Process line: InWire:#874
Process line: InWire:#875
Process line: InWire:#876
Process line: InWire:#877
Process line: InWire:#878
Process line: InWire:#879
Process line: InWire:#880
Process line: InWire:#881
Process line: InWire:#882
Process line: InWire:#883
Process line: InWire:#884
Process line: InWire:#885
Process line: InWire:#886
Process line: InWire:#887
Process line: InWire:#888
Process line: InWire:#889
Process line: InWire:#890
Process line: InWire:#891
Process line: InWire:#892
Process line: InWire:#893
Process line: InWire:#894
Process line: InWire:#895
Process line: InWire:#896
Process line: InWire:#897
Process line: InWire:#898
Process line: InWire:#899
Process line: InWire:#900
Process line: InWire:#901
Process line: InWire:#902
Process line: InWire:#903
Process line: InWire:#904
Process line: InWire:#905
Process line: InWire:#906
Process line: InWire:#907
Process line: InWire:#908
Process line: InWire:#909
Process line: InWire:#910
Process line: InWire:#911
Process line: InWire:#912
Process line: InWire:#913
Process line: InWire:#914
Process line: InWire:#915
Process line: InWire:#916
Process line: InWire:#917
Process line: InWire:#918
Process line: InWire:#919
Process line: InWire:#920
Process line: InWire:#921
Process line: InWire:#922
Process line: InWire:#923
Process line: InWire:#924
Process line: InWire:#925
Process line: InWire:#926
Process line: InWire:#927
Process line: InWire:#928
Process line: InWire:#929
Process line: InWire:#930
Process line: InWire:#931
Process line: InWire:#932
Process line: InWire:#933
Process line: InWire:#934
Process line: InWire:#935
Process line: InWire:#936
Process line: InWire:#937
Process line: InWire:#938
Process line: InWire:#939
Process line: InWire:#940
Process line: InWire:#941
Process line: InWire:#942
Process line: InWire:#943
Process line: InWire:#944
Process line: InWire:#945
Process line: InWire:#946
Process line: InWire:#947
Process line: InWire:#948
Process line: InWire:#949
Process line: InWire:#950
Process line: InWire:#951
Process line: InWire:#952
Process line: InWire:#953
Process line: InWire:#954
Process line: InWire:#955
Process line: InWire:#956
Process line: InWire:#957
Process line: InWire:#958
Process line: InWire:#959
Process line: InWire:#960
Elapsed time (ms) on circuit preparation: 915 (0.00390625, 0.009765625)
Elapsed time (ms) on OT preparation: 291 (13.095703125, 8.9736328125)
Elapsed time (ms) on sending labels for selfs inputs: 3 (4.083984375, 0.0)
Elapsed time (ms) on sending labels for peers inputs: 57 (10.6787109375, 17.197265625)
Elapsed time (ms) on circuit garbling: 13 (17.875, 0.0)
Concatenated Output Bits: 00000000000000000000000000000000000000000000000000000000000000000000000000000000000000000000000000000000000000000000000000000000000000000000000000000000000000000000000000000000000000000000000000000000000000000000000000000000000000000000000000000000000000000000000000000000000000000000000000000000000000000000000000000000000000000000000000000000000000000000000000000000000000000000000000000000000000000000000000000000000000000000000000000000000000000000000000000000000000000000000000000000000000000000000000000000
Elapsed time (ms) on output labels received and interpreted: 43 (0.0, 2.673828125)
output (verify): 18347988930056559128807477244811717232542072027948953512258824986680095801815302041799501343612722533629953
Garbled Gates Evaluated: 1351
Gates in Circuit: 1352
Non-XOR Gates Evaluated: 572
